rake cinc_install target=default version=16.11.7 config=.vagrant/config
scp -F .vagrant/config setup default:setup
setup                                                                                                                                           100%  578   311.1KB/s   00:00
scp -F .vagrant/config client.rb default:client.rb
client.rb                                                                                                                                       100%   78    26.3KB/s   00:00
ssh -F .vagrant/config default sudo chmod +x setup
ssh -F .vagrant/config default sudo sudo ./setup client_rb
ssh -F .vagrant/config default sudo sudo ./setup install_cinc 16.11.7
  % Total    % Received % Xferd  Average Speed   Time    Time     Time  Current
                                 Dload  Upload   Total   Spent    Left  Speed
100 23426  100 23426    0     0  18577      0  0:00:01  0:00:01 --:--:-- 18577
el 8 x86_64
Getting information for cinc stable 16.11.7 for el...
downloading https://omnitruck.cinc.sh/stable/cinc/metadata?v=16.11.7&p=el&pv=8&m=x86_64
  to file /tmp/install.sh.3786/metadata.txt
trying wget...
sha1	506f2031524d283a9adbfde02d60f95bb9e80039
sha256	09c28cba2079f6b70fa32c04030d6e260645009562ddc187b54129d2f0ed2964
url	http://packages.cinc.sh/files/stable/cinc/16.11.7/el/8/cinc-16.11.7-1.el8.x86_64.rpm
version	16.11.7
downloaded metadata file looks valid...
downloading http://packages.cinc.sh/files/stable/cinc/16.11.7/el/8/cinc-16.11.7-1.el8.x86_64.rpm
  to file /tmp/install.sh.3786/cinc-16.11.7-1.el8.x86_64.rpm
trying wget...
Comparing checksum with sha256sum...
Installing cinc 16.11.7
installing with rpm...
Verifying...                          ########################################
Preparing...                          ########################################
Updating / installing...
cinc-16.11.7-1.el8                    ########################################
Symlinking chef-apply command to cinc-wrapper for compatibility...
Symlinking chef-client command to cinc-wrapper for compatibility...
Symlinking chef-shell command to cinc-wrapper for compatibility...
Symlinking chef-solo command to cinc-wrapper for compatibility...
Symlinking inspec command to cinc-wrapper for compatibility...
Thank you for installing Cinc Client, the community build based on Chef Infra Client!
