rake target=default config=.vagrant/config role=host001
berks vendor cookbooks && tar -czf cookbooks.tar.gz cookbooks
Resolving cookbook dependencies...
Fetching 'role-host001' from source at role-host001
Using elrond (1.0.0) from https://github.com/mr-staker/elrond-cookbook (at main)
Using firewalld (1.2.1)
Using role-host001 (1.0.0) from source at role-host001
Vendoring elrond (1.0.0) to cookbooks/elrond
Vendoring firewalld (1.2.1) to cookbooks/firewalld
Vendoring role-host001 (1.0.0) to cookbooks/role-host001
rm -rf cookbooks
scp -F .vagrant/config setup default:setup
setup                                                 100%  578   296.7KB/s   00:00
scp -F .vagrant/config client.rb default:client.rb
client.rb                                             100%   78    51.9KB/s   00:00
ssh -F .vagrant/config default sudo chmod +x setup
ssh -F .vagrant/config default sudo sudo ./setup client_rb
scp -F .vagrant/config cookbooks.tar.gz default:cookbooks.tar.gz
cookbooks.tar.gz                                      100%   26KB  14.0MB/s   00:00
rm -f cookbooks.tar.gz
ssh -F .vagrant/config default sudo sudo ./setup expand_cookbooks
Expanding in /var/cinc
scp -F .vagrant/config dna default:dna
dna                                                   100%  312   239.8KB/s   00:00
ssh -F .vagrant/config default sudo chmod +x dna
ssh -F .vagrant/config default sudo sudo ./setup dna_json host001
ssh -F .vagrant/config default sudo sudo cinc-solo --json-attributes /etc/cinc/dna.json
[2021-05-01T03:29:59+00:00] WARN: No config file found or specified on command line. Using command line options instead.
[2021-05-01T03:29:59+00:00] INFO: Started Cinc Zero at chefzero://localhost:1 with repository at /var/cinc (One version per cookbook)
Starting Cinc Client, version 16.11.7
Patents: https://www.chef.io/patents
[2021-05-01T03:29:59+00:00] INFO: *** Cinc Client 16.11.7 ***
[2021-05-01T03:29:59+00:00] INFO: Platform: x86_64-linux
[2021-05-01T03:29:59+00:00] INFO: Cinc-client pid: 5497
[2021-05-01T03:30:03+00:00] INFO: Setting the run_list to role-host001::default from CLI options
[2021-05-01T03:30:03+00:00] INFO: Run List is [recipe[role-host001::default]]
[2021-05-01T03:30:03+00:00] INFO: Run List expands to [role-host001::default]
[2021-05-01T03:30:03+00:00] INFO: Starting Cinc Client Run for oracle8.localdomain
[2021-05-01T03:30:03+00:00] INFO: Running start handlers
[2021-05-01T03:30:03+00:00] INFO: Start handlers complete.
resolving cookbooks for run list: ["role-host001::default"]
[2021-05-01T03:30:03+00:00] INFO: Loading cookbooks [role-host001@1.0.0, elrond@1.0.0, firewalld@1.2.1]
Synchronizing Cookbooks:
[2021-05-01T03:30:03+00:00] INFO: Storing updated cookbooks/elrond/resources/elrond_keygen.rb in the cache.
[2021-05-01T03:30:03+00:00] INFO: Storing updated cookbooks/elrond/resources/elrond_keyvault.rb in the cache.
[2021-05-01T03:30:03+00:00] INFO: Storing updated cookbooks/role-host001/metadata.json in the cache.
[2021-05-01T03:30:03+00:00] INFO: Storing updated cookbooks/elrond/SECURITY.md in the cache.
[2021-05-01T03:30:03+00:00] INFO: Storing updated cookbooks/elrond/dockerfiles/README.md in the cache.
[2021-05-01T03:30:03+00:00] INFO: Storing updated cookbooks/elrond/resources/ini_file.rb in the cache.
[2021-05-01T03:30:03+00:00] INFO: Storing updated cookbooks/elrond/resources/elrond_node.rb in the cache.
[2021-05-01T03:30:03+00:00] INFO: Storing updated cookbooks/elrond/resources/semanage_fcontext.rb in the cache.
[2021-05-01T03:30:03+00:00] INFO: Storing updated cookbooks/elrond/resources/toml_file.rb in the cache.
[2021-05-01T03:30:03+00:00] INFO: Storing updated cookbooks/elrond/attributes/staker.rb in the cache.
[2021-05-01T03:30:03+00:00] INFO: Storing updated cookbooks/elrond/attributes/system.rb in the cache.
[2021-05-01T03:30:03+00:00] INFO: Storing updated cookbooks/elrond/chefignore in the cache.
[2021-05-01T03:30:03+00:00] INFO: Storing updated cookbooks/role-host001/attributes/default.rb in the cache.
[2021-05-01T03:30:03+00:00] INFO: Storing updated cookbooks/elrond/recipes/install_staker_repo.rb in the cache.
[2021-05-01T03:30:03+00:00] INFO: Storing updated cookbooks/elrond/recipes/semanage.rb in the cache.
[2021-05-01T03:30:03+00:00] INFO: Storing updated cookbooks/elrond/metadata.json in the cache.
[2021-05-01T03:30:03+00:00] INFO: Storing updated cookbooks/elrond/LICENSE in the cache.
[2021-05-01T03:30:03+00:00] INFO: Storing updated cookbooks/elrond/UPGRADING.md in the cache.
[2021-05-01T03:30:03+00:00] INFO: Storing updated cookbooks/elrond/files/default/usr/bin/erctl in the cache.
[2021-05-01T03:30:03+00:00] INFO: Storing updated cookbooks/elrond/metadata.rb in the cache.
[2021-05-01T03:30:03+00:00] INFO: Storing updated cookbooks/elrond/README.md in the cache.
[2021-05-01T03:30:03+00:00] INFO: Storing updated cookbooks/firewalld/CHANGELOG.md in the cache.
[2021-05-01T03:30:03+00:00] INFO: Storing updated cookbooks/firewalld/resources/forward.rb in the cache.
[2021-05-01T03:30:03+00:00] INFO: Storing updated cookbooks/firewalld/resources/interface.rb in the cache.
[2021-05-01T03:30:03+00:00] INFO: Storing updated cookbooks/firewalld/resources/masquerade.rb in the cache.
[2021-05-01T03:30:03+00:00] INFO: Storing updated cookbooks/firewalld/resources/port.rb in the cache.
[2021-05-01T03:30:03+00:00] INFO: Storing updated cookbooks/firewalld/resources/rich_rule.rb in the cache.
[2021-05-01T03:30:03+00:00] INFO: Storing updated cookbooks/firewalld/resources/service.rb in the cache.
[2021-05-01T03:30:03+00:00] INFO: Storing updated cookbooks/firewalld/resources/source.rb in the cache.
[2021-05-01T03:30:03+00:00] INFO: Storing updated cookbooks/firewalld/resources/zone.rb in the cache.
[2021-05-01T03:30:03+00:00] INFO: Storing updated cookbooks/firewalld/providers/forward.rb in the cache.
[2021-05-01T03:30:03+00:00] INFO: Storing updated cookbooks/firewalld/providers/interface.rb in the cache.
[2021-05-01T03:30:03+00:00] INFO: Storing updated cookbooks/firewalld/providers/masquerade.rb in the cache.
[2021-05-01T03:30:03+00:00] INFO: Storing updated cookbooks/firewalld/providers/port.rb in the cache.
[2021-05-01T03:30:03+00:00] INFO: Storing updated cookbooks/role-host001/metadata.rb in the cache.
[2021-05-01T03:30:03+00:00] INFO: Storing updated cookbooks/elrond/dockerfiles/oracle-8.3 in the cache.
[2021-05-01T03:30:04+00:00] INFO: Storing updated cookbooks/firewalld/providers/service.rb in the cache.
[2021-05-01T03:30:04+00:00] INFO: Storing updated cookbooks/role-host001/recipes/default.rb in the cache.
[2021-05-01T03:30:04+00:00] INFO: Storing updated cookbooks/firewalld/providers/source.rb in the cache.
[2021-05-01T03:30:04+00:00] INFO: Storing updated cookbooks/firewalld/providers/zone.rb in the cache.
[2021-05-01T03:30:04+00:00] INFO: Storing updated cookbooks/firewalld/attributes/default.rb in the cache.
[2021-05-01T03:30:04+00:00] INFO: Storing updated cookbooks/firewalld/recipes/default.rb in the cache.
[2021-05-01T03:30:04+00:00] INFO: Storing updated cookbooks/firewalld/recipes/disable.rb in the cache.
[2021-05-01T03:30:04+00:00] INFO: Storing updated cookbooks/firewalld/recipes/enable.rb in the cache.
[2021-05-01T03:30:03+00:00] INFO: Storing updated cookbooks/elrond/templates/default/etc/firewalld/services/node.xml.erb in the cache.
[2021-05-01T03:30:04+00:00] INFO: Storing updated cookbooks/firewalld/metadata.json in the cache.
[2021-05-01T03:30:04+00:00] INFO: Storing updated cookbooks/firewalld/metadata.rb in the cache.
[2021-05-01T03:30:04+00:00] INFO: Storing updated cookbooks/firewalld/README.md in the cache.
[2021-05-01T03:30:04+00:00] INFO: Storing updated cookbooks/firewalld/libraries/matchers.rb in the cache.
[2021-05-01T03:30:04+00:00] INFO: Storing updated cookbooks/elrond/dockerfiles/ubuntu-20.04 in the cache.
[2021-05-01T03:30:04+00:00] INFO: Storing updated cookbooks/elrond/recipes/default.rb in the cache.
[2021-05-01T03:30:04+00:00] INFO: Storing updated cookbooks/elrond/recipes/configure_node.rb in the cache.
  - elrond (1.0.0)
[2021-05-01T03:30:04+00:00] INFO: Storing updated cookbooks/firewalld/providers/rich_rule.rb in the cache.
  - role-host001 (1.0.0)
  - firewalld (1.2.1)
Installing Cookbook Gems:
[2021-05-01T03:30:07+00:00] INFO: Fetching gem metadata from https://rubygems.org/..........
Resolving dependencies...
Fetching aws-eventstream 1.1.1
Installing aws-eventstream 1.1.1
Fetching aws-sigv4 1.2.3
Installing aws-sigv4 1.2.3
Using bundler 2.1.4
Fetching deep_merge 1.2.1
Installing deep_merge 1.2.1
Fetching inifile 3.0.0
Installing inifile 3.0.0
Using parslet 1.8.2
Fetching toml 0.2.0
Installing toml 0.2.0
Fetching vault 0.16.0
Installing vault 0.16.0
Bundle complete! 4 Gemfile dependencies, 8 gems now installed.
Use `bundle info [gemname]` to see where a bundled gem is installed.

Compiling Cookbooks...
Converging 16 resources
Recipe: elrond::install_staker_repo
  * dnf_package[gnupg2, apt-transport-https] action install[2021-05-01T03:30:08+00:00] INFO: Processing dnf_package[gnupg2, apt-transport-https] action install (elrond::install_staker_repo line 5)
 (skipped due to only_if)
  * apt_repository[staker] action add[2021-05-01T03:30:08+00:00] INFO: Processing apt_repository[staker] action add (elrond::install_staker_repo line 9)
 (skipped due to only_if)
  * yum_repository[staker] action create[2021-05-01T03:30:08+00:00] INFO: Processing yum_repository[staker] action create (elrond::install_staker_repo line 23)

    * template[/etc/yum.repos.d/staker.repo] action create[2021-05-01T03:30:08+00:00] INFO: Processing template[/etc/yum.repos.d/staker.repo] action create (/opt/cinc/embedded/lib/ruby/gems/2.7.0/gems/chef-16.11.7/lib/chef/provider/yum_repository.rb line 36)
[2021-05-01T03:30:08+00:00] INFO: template[/etc/yum.repos.d/staker.repo] created file /etc/yum.repos.d/staker.repo

      - create new file /etc/yum.repos.d/staker.repo[2021-05-01T03:30:08+00:00] INFO: template[/etc/yum.repos.d/staker.repo] updated file contents /etc/yum.repos.d/staker.repo

      - update content in file /etc/yum.repos.d/staker.repo from none to d183bf
      --- /etc/yum.repos.d/staker.repo	2021-05-01 03:30:08.171134347 +0000
      +++ /etc/yum.repos.d/.chef-staker20210501-5497-gyaiqx.repo	2021-05-01 03:30:08.171134347 +0000
      @@ -1 +1,12 @@
      +# This file was generated by Chef
      +# Do NOT modify this file by hand.
      +
      +[staker]
      +name=Mr Staker rpm repository
      +baseurl=https://rpm.staker.ltd/$basearch
      +enabled=1
      +fastestmirror_enabled=0
      +gpgcheck=1
      +gpgkey=https://keys.openpgp.org/vks/v1/by-fingerprint/8E0D38C40089F860005989ACFD6652320303527F
      +repo_gpgcheck=1[2021-05-01T03:30:08+00:00] INFO: template[/etc/yum.repos.d/staker.repo] mode changed to 644

      - change mode from '' to '0644'
      - restore selinux security context
    * execute[yum clean metadata staker] action nothing[2021-05-01T03:30:08+00:00] INFO: Processing execute[yum clean metadata staker] action nothing (/opt/cinc/embedded/lib/ruby/gems/2.7.0/gems/chef-16.11.7/lib/chef/provider/yum_repository.rb line 53)
 (skipped due to action :nothing)
[2021-05-01T03:30:08+00:00] INFO: execute[yum clean metadata staker] sent run action to execute[yum clean metadata staker] (immediate at declaration time)
    * execute[yum clean metadata staker] action run[2021-05-01T03:30:08+00:00] INFO: Processing execute[yum clean metadata staker] action run (/opt/cinc/embedded/lib/ruby/gems/2.7.0/gems/chef-16.11.7/lib/chef/provider/yum_repository.rb line 53)

      [execute] Cache was expired
                24 files removed
[2021-05-01T03:30:08+00:00] INFO: execute[yum clean metadata staker] ran successfully
      - execute yum clean metadata --disablerepo=* --enablerepo=staker
    * execute[yum-makecache-staker] action nothing[2021-05-01T03:30:08+00:00] INFO: Processing execute[yum-makecache-staker] action nothing (/opt/cinc/embedded/lib/ruby/gems/2.7.0/gems/chef-16.11.7/lib/chef/provider/yum_repository.rb line 59)
 (skipped due to action :nothing)
[2021-05-01T03:30:08+00:00] INFO: execute[yum-makecache-staker] sent run action to execute[yum-makecache-staker] (immediate at declaration time)
    * execute[yum-makecache-staker] action run[2021-05-01T03:30:08+00:00] INFO: Processing execute[yum-makecache-staker] action run (/opt/cinc/embedded/lib/ruby/gems/2.7.0/gems/chef-16.11.7/lib/chef/provider/yum_repository.rb line 59)

      [execute] Importing GPG key 0x0303527F:
                 Userid     : "Mr Staker (Release Signing Key 2021) <hello@mr.staker.ltd>"
                 Fingerprint: 8E0D 38C4 0089 F860 0059 89AC FD66 5232 0303 527F
                 From       : https://keys.openpgp.org/vks/v1/by-fingerprint/8E0D38C40089F860005989ACFD6652320303527F
[2021-05-01T03:30:11+00:00] INFO: execute[yum-makecache-staker] ran successfully
      - execute yum -q -y makecache --disablerepo=* --enablerepo=staker
    * ruby_block[package-cache-reload-staker] action nothing[2021-05-01T03:30:11+00:00] INFO: Processing ruby_block[package-cache-reload-staker] action nothing (/opt/cinc/embedded/lib/ruby/gems/2.7.0/gems/chef-16.11.7/lib/chef/provider/yum_repository.rb line 66)
 (skipped due to action :nothing)
[2021-05-01T03:30:11+00:00] INFO: ruby_block[package-cache-reload-staker] sent create action to ruby_block[package-cache-reload-staker] (immediate at declaration time)
    * ruby_block[package-cache-reload-staker] action create[2021-05-01T03:30:11+00:00] INFO: Processing ruby_block[package-cache-reload-staker] action create (/opt/cinc/embedded/lib/ruby/gems/2.7.0/gems/chef-16.11.7/lib/chef/provider/yum_repository.rb line 66)
[2021-05-01T03:30:11+00:00] INFO: ruby_block[package-cache-reload-staker] called

      - execute the ruby block package-cache-reload-staker

  * dnf_package[staker-repo] action install[2021-05-01T03:30:11+00:00] INFO: Processing dnf_package[staker-repo] action install (elrond::install_staker_repo line 37)
[2021-05-01T03:30:52+00:00] INFO: dnf_package[staker-repo] installed staker-repo at 0:21.04.02-1.x86_64

    - install version 0:21.04.02-1.x86_64 of package staker-repo
Recipe: elrond::semanage
  * dnf_package[policycoreutils-python-utils, setroubleshoot-server] action install[2021-05-01T03:30:55+00:00] INFO: Processing dnf_package[policycoreutils-python-utils, setroubleshoot-server] action install (elrond::semanage line 2)
[2021-05-01T03:31:05+00:00] INFO: dnf_package[policycoreutils-python-utils, setroubleshoot-server] installed ["policycoreutils-python-utils", "setroubleshoot-server"] at ["0:2.9-9.0.1.el8.noarch", "0:3.3.24-1.0.1.el8.x86_64"]

    - install version 0:2.9-9.0.1.el8.noarch of package policycoreutils-python-utils
    - install version 0:3.3.24-1.0.1.el8.x86_64 of package setroubleshoot-server
Recipe: firewalld::default
  * dnf_package[firewalld] action install[2021-05-01T03:31:07+00:00] INFO: Processing dnf_package[firewalld] action install (firewalld::default line 7)
 (up to date)
  * service[firewalld] action enable[2021-05-01T03:31:07+00:00] INFO: Processing service[firewalld] action enable (firewalld::default line 9)
 (up to date)
  * service[firewalld] action start[2021-05-01T03:31:07+00:00] INFO: Processing service[firewalld] action start (firewalld::default line 9)
 (up to date)
Recipe: elrond::configure_node
  * directory[/opt/var/elrond] action create[2021-05-01T03:31:08+00:00] INFO: Processing directory[/opt/var/elrond] action create (elrond::configure_node line 7)
[2021-05-01T03:31:08+00:00] INFO: directory[/opt/var/elrond] created directory /opt/var/elrond

    - create new directory /opt/var/elrond[2021-05-01T03:31:08+00:00] INFO: directory[/opt/var/elrond] owner changed to 0
[2021-05-01T03:31:08+00:00] INFO: directory[/opt/var/elrond] group changed to 0
[2021-05-01T03:31:08+00:00] INFO: directory[/opt/var/elrond] mode changed to 755

    - change mode from '' to '0755'
    - change owner from '' to 'root'
    - change group from '' to 'root'
    - restore selinux security context
  * dnf_package[elrond-test] action install[2021-05-01T03:31:08+00:00] INFO: Processing dnf_package[elrond-test] action install (elrond::configure_node line 14)
[2021-05-01T03:31:20+00:00] INFO: dnf_package[elrond-test] installed elrond-test at 0:1.1.51-1.x86_64

    - install version 0:1.1.51-1.x86_64 of package elrond-test
[2021-05-01T03:31:22+00:00] INFO: dnf_package[elrond-test] sending run action to ruby_block[elrond-version] (immediate)
  * ruby_block[elrond-version] action run[2021-05-01T03:31:22+00:00] INFO: Processing ruby_block[elrond-version] action run (elrond::configure_node line 20)
[2021-05-01T03:31:22+00:00] INFO: ruby_block[elrond-version] called

    - execute the ruby block elrond-version
  * ruby_block[elrond-version] action nothing[2021-05-01T03:31:22+00:00] INFO: Processing ruby_block[elrond-version] action nothing (elrond::configure_node line 20)
 (skipped due to action :nothing)
  * ini_file[/etc/systemd/system/elrond-node@.service] action edit[2021-05-01T03:31:22+00:00] INFO: Processing ini_file[/etc/systemd/system/elrond-node@.service] action edit (elrond::configure_node line 32)

    * file[/etc/systemd/system/elrond-node@.service] action create[2021-05-01T03:31:22+00:00] INFO: Processing file[/etc/systemd/system/elrond-node@.service] action create (/etc/cinc/local-mode-cache/cache/cookbooks/elrond/resources/ini_file.rb line 55)
[2021-05-01T03:31:22+00:00] INFO: file[/etc/systemd/system/elrond-node@.service] backed up to /etc/cinc/local-mode-cache/backup/etc/systemd/system/elrond-node@.service.chef-20210501033122.266801
[2021-05-01T03:31:22+00:00] INFO: file[/etc/systemd/system/elrond-node@.service] updated file contents /etc/systemd/system/elrond-node@.service

      - update content in file /etc/systemd/system/elrond-node@.service from cd0941 to 5e40b1
      --- /etc/systemd/system/elrond-node@.service	2021-04-23 23:58:07.000000000 +0000
      +++ /etc/systemd/system/.chef-elrond-node@20210501-5497-1mp3h1.service	2021-05-01 03:31:22.259283264 +0000
      @@ -1,22 +1,19 @@
       [Install]
      -WantedBy=multi-user.target
      +WantedBy = multi-user.target

       [Unit]
      -Description=Elrond Node %i
      -After=network-online.target
      +Description = Elrond Node %i
      +After = network-online.target

       [Service]
      -; node is looking for this in CWD and it ignores PATH
      -Environment="ARWEN_PATH=/opt/elrond/bin/arwen"
      -
      -User=elrond-node-%i
      -; technically, this also holds config, but the node binary makes it difficult
      -; to separate config in etc and variable data in var
      -WorkingDirectory=/opt/var/elrond/node-%i
      -ExecStart=/opt/elrond/bin/node -use-log-view -log-level *:INFO -rest-api-interface localhost:8080
      -StandardOutput=journal
      -StandardError=journal
      -Restart=always
      -RestartSec=3
      -LimitNOFILE=4096
      +Environment = ARWEN_PATH=/opt/elrond/bin/arwen
      +User = elrond-node-%i
      +WorkingDirectory = /opt/var/elrond/node-%i
      +ExecStart = /opt/elrond/bin/node -use-log-view -log-level ${LOG_LEVEL} -rest-api-interface localhost:${REST_API_PORT}
      +StandardOutput = journal
      +StandardError = journal
      +Restart = on-failure
      +RestartSec = 15s
      +LimitNOFILE = 4096
      +EnvironmentFile = /opt/var/elrond/node-%i/config/service.env
      - restore selinux security context

[2021-05-01T03:31:22+00:00] INFO: ini_file[/etc/systemd/system/elrond-node@.service] sending run action to execute[service-systemctl-daemon-reload] (immediate)
  * execute[service-systemctl-daemon-reload] action run[2021-05-01T03:31:22+00:00] INFO: Processing execute[service-systemctl-daemon-reload] action run (elrond::configure_node line 76)
[2021-05-01T03:31:22+00:00] INFO: execute[service-systemctl-daemon-reload] ran successfully

    - execute systemctl daemon-reload
  * directory[/opt/etc/elrond/keyvault] action create[2021-05-01T03:31:22+00:00] INFO: Processing directory[/opt/etc/elrond/keyvault] action create (elrond::configure_node line 54)
[2021-05-01T03:31:22+00:00] INFO: directory[/opt/etc/elrond/keyvault] created directory /opt/etc/elrond/keyvault

    - create new directory /opt/etc/elrond/keyvault[2021-05-01T03:31:22+00:00] INFO: directory[/opt/etc/elrond/keyvault] owner changed to 0
[2021-05-01T03:31:22+00:00] INFO: directory[/opt/etc/elrond/keyvault] group changed to 0
[2021-05-01T03:31:22+00:00] INFO: directory[/opt/etc/elrond/keyvault] mode changed to 700

    - change mode from '' to '0700'
    - change owner from '' to 'root'
    - change group from '' to 'root'
    - restore selinux security context
  * elrond_node[node-0] action config[2021-05-01T03:31:22+00:00] INFO: Processing elrond_node[node-0] action config (elrond::configure_node line 66)

    * group[elrond-node-0] action create[2021-05-01T03:31:22+00:00] INFO: Processing group[elrond-node-0] action create (/etc/cinc/local-mode-cache/cache/cookbooks/elrond/resources/elrond_node.rb line 25)
[2021-05-01T03:31:23+00:00] INFO: group[elrond-node-0] created

      - create group elrond-node-0
    * linux_user[elrond-node-0] action create[2021-05-01T03:31:23+00:00] INFO: Processing linux_user[elrond-node-0] action create (/etc/cinc/local-mode-cache/cache/cookbooks/elrond/resources/elrond_node.rb line 29)
[2021-05-01T03:31:24+00:00] INFO: linux_user[elrond-node-0] created

      - create user elrond-node-0
    * directory[/opt/var/elrond/node-0] action create[2021-05-01T03:31:24+00:00] INFO: Processing directory[/opt/var/elrond/node-0] action create (/etc/cinc/local-mode-cache/cache/cookbooks/elrond/resources/elrond_node.rb line 37)
 (up to date)
    * directory[/opt/var/elrond/node-0/config] action delete[2021-05-01T03:31:24+00:00] INFO: Processing directory[/opt/var/elrond/node-0/config] action delete (/etc/cinc/local-mode-cache/cache/cookbooks/elrond/resources/elrond_node.rb line 44)
 (up to date)
    * ruby_block[copy-config-0] action run[2021-05-01T03:31:24+00:00] INFO: Processing ruby_block[copy-config-0] action run (/etc/cinc/local-mode-cache/cache/cookbooks/elrond/resources/elrond_node.rb line 55)
[2021-05-01T03:31:24+00:00] INFO: ruby_block[copy-config-0] called

      - execute the ruby block copy-config-0
    * toml_file[/opt/var/elrond/node-0/config/p2p.toml] action edit[2021-05-01T03:31:24+00:00] INFO: Processing toml_file[/opt/var/elrond/node-0/config/p2p.toml] action edit (/etc/cinc/local-mode-cache/cache/cookbooks/elrond/resources/elrond_node.rb line 69)

      * file[/opt/var/elrond/node-0/config/p2p.toml] action create[2021-05-01T03:31:24+00:00] INFO: Processing file[/opt/var/elrond/node-0/config/p2p.toml] action create (/etc/cinc/local-mode-cache/cache/cookbooks/elrond/resources/toml_file.rb line 57)
[2021-05-01T03:31:24+00:00] INFO: file[/opt/var/elrond/node-0/config/p2p.toml] backed up to /etc/cinc/local-mode-cache/backup/opt/var/elrond/node-0/config/p2p.toml.chef-20210501033124.223053
[2021-05-01T03:31:24+00:00] INFO: file[/opt/var/elrond/node-0/config/p2p.toml] updated file contents /opt/var/elrond/node-0/config/p2p.toml

        - update content in file /opt/var/elrond/node-0/config/p2p.toml from 52412b to a77d4c
        --- /opt/var/elrond/node-0/config/p2p.toml	2021-05-01 03:31:24.099986889 +0000
        +++ /opt/var/elrond/node-0/config/.chef-p2p20210501-5497-1emg77c.toml	2021-05-01 03:31:24.219967572 +0000
        @@ -1,78 +1,22 @@
        -#P2P config file

        -#NodeConfig holds the P2P settings
        -[Node]
        -    #Port is the port that will be opened by the node on all interfaces so other peers can connect to it
        -    #If the port = 0, the node will search for a free port on the machine and use it
        -    Port = "37373-38383"
        -
        -    #Seed represents the seed string generator for p2p identity (used during authentication and message passing).
        -    #An empty Seed value will mean that the identity will be generated randomly in a secure cryptographically manner.
        -    #The seed provided in this string can be of any length.
        -    #########################################################################################
        -    # WARNING! FOR SECURITY REASONS, ONE MIGHT USE A GENERATED STRING AS LONG AS POSSIBLE!  #
        -    # IT IS RECOMMENDED THAT THE SEED FIELD SHOULD REMAIN EMPTY (NO CHARACTERS BETWEEN "")  #
        -    # THIS SEED WILL BE USED FOR P2P'S PRIVATE KEY GENERATION. SAME SEED USED WILL LEAD TO  #
        -    # THE GENERATION OF THE SAME P2P IDENTITY.                                              #
        -    # SPECIFY A SEED VALUE IF YOU KNOW WHAT YOU ARE DOING!                                  #
        -    #########################################################################################
        -    #The seed provided will be hashed using SHA256 and the resulting 32 byte length byte array will be used in
        -    #p2p identity generation
        -    Seed = ""
        -
        -    #ThresholdMinConnectedPeers represents the minimum number of connections a node should have before it can start
        -    #the sync and consensus mechanisms
        -    ThresholdMinConnectedPeers = 3
        -
        -# P2P peer discovery section
        -
        -#The following sections correspond to the way new peers will be discovered
        -#If all config types are disabled then the peer will run in single mode (will not try to find other peers)
        -#If more than one peer discovery mechanism is enabled, the application will output an error and will not start
        -
         [KadDhtPeerDiscovery]
        -    #Enabled: true/false to enable/disable this discovery mechanism
        -    Enabled = true
        +BucketSize = 100
        +Enabled = true
        +InitialPeerList = ["/ip4/35.214.140.83/tcp/10000/p2p/16Uiu2HAm6hPymvkZyFgbvWaVBKhEoPjmXhkV32r9JaFvQ7Rk8ynU","/ip4/35.214.149.93/tcp/10000/p2p/16Uiu2HAmJwaij2Wu7BEg2s1GVrmNTP2WaTaLqAZ1tRfbHBCcQ2LF"]
        +ProtocolID = "/erd/kad/0.1.0"
        +RefreshIntervalInSec = 10
        +RoutingTableRefreshIntervalInSec = 300

        -    #RefreshIntervalInSec represents the time in seconds between querying for new peers
        -    RefreshIntervalInSec = 10
        +[Node]
        +Port = "37373"
        +Seed = ""
        +ThresholdMinConnectedPeers = 3

        -    #ProtocolID represents the protocol that this node will advertize to other peers
        -    #To connect to other nodes, those nodes should have the same ProtocolID string
        -    ProtocolID = "/erd/kad/0.1.0"
        -
        -    #InitialPeerList represents the list of strings of some known nodes that will bootstrap this node
        -    #The address will be in a self-describing addressing format.
        -    #More can be found here: https://github.com/libp2p/specs/blob/master/3-requirements.md#34-transport-agnostic
        -    #Example:
        -    #   /ip6/fe80::8823:6dff:fee7:f172/tcp/4001/p2p/QmYJyUMAcXEw1b5bFfbBbzYu5wyyjLMRHXGUkCXpag74Fu
        -    #   /ip4/162.246.145.218/udp/4001/utp/ipfs/QmYJyUMAcXEw1b5bFfbBbzYu5wyyjLMRHXGUkCXpag74Fu
        -    #   /ether/ac:fd:ec:0b:7c:fe/ipfs/QmYJyUMAcXEw1b5bFfbBbzYu5wyyjLMRHXGUkCXpag74Fu
        -    #
        -    #If the initial peers list is left empty, the node will not try to connect to other peers during initial bootstrap
        -    #phase but will accept connections and will do the network discovery if another peer connects to it
        -    InitialPeerList = [
        -        "/ip4/35.214.140.83/tcp/10000/p2p/16Uiu2HAm6hPymvkZyFgbvWaVBKhEoPjmXhkV32r9JaFvQ7Rk8ynU",
        -        "/ip4/35.214.149.93/tcp/10000/p2p/16Uiu2HAmJwaij2Wu7BEg2s1GVrmNTP2WaTaLqAZ1tRfbHBCcQ2LF",
        -    ]
        -
        -    #kademlia's routing table bucket size
        -    BucketSize = 100
        -
        -    #RoutingTableRefreshIntervalInSec defines how many seconds should pass between 2 kad routing table auto refresh calls
        -    RoutingTableRefreshIntervalInSec = 300
        -
         [Sharding]
        -    # The targeted number of peer connections
        -    TargetPeerCount = 48
        -    MaxIntraShardValidators = 25
        -    MaxCrossShardValidators = 8
        -    MaxIntraShardObservers = 7
        -    MaxCrossShardObservers = 3
        -    #available options:
        -    #  `ListsSharder` will split the peers based on the shard membership (intra, cross or unknown)
        -    #  `OneListSharder` will do just the connection triming (upto TargetPeerCount value) not taking into account
        -    #              the shard membership of the connected peers
        -    #  `NilListSharder` will disable conection trimming (sharder is off)
        -    Type = "ListsSharder"
        +MaxCrossShardObservers = 3
        +MaxCrossShardValidators = 8
        +MaxIntraShardObservers = 7
        +MaxIntraShardValidators = 25
        +TargetPeerCount = 48
        +Type = "ListsSharder"
        - restore selinux security context

[2021-05-01T03:31:24+00:00] INFO: toml_file[/opt/var/elrond/node-0/config/p2p.toml] not queuing delayed action restart on service[elrond-node@0] (delayed), as it's already been queued
    * toml_file[/opt/var/elrond/node-0/config/prefs.toml] action edit[2021-05-01T03:31:24+00:00] INFO: Processing toml_file[/opt/var/elrond/node-0/config/prefs.toml] action edit (/etc/cinc/local-mode-cache/cache/cookbooks/elrond/resources/elrond_node.rb line 83)

      * file[/opt/var/elrond/node-0/config/prefs.toml] action create[2021-05-01T03:31:24+00:00] INFO: Processing file[/opt/var/elrond/node-0/config/prefs.toml] action create (/etc/cinc/local-mode-cache/cache/cookbooks/elrond/resources/toml_file.rb line 57)
[2021-05-01T03:31:24+00:00] INFO: file[/opt/var/elrond/node-0/config/prefs.toml] backed up to /etc/cinc/local-mode-cache/backup/opt/var/elrond/node-0/config/prefs.toml.chef-20210501033124.288503
[2021-05-01T03:31:24+00:00] INFO: file[/opt/var/elrond/node-0/config/prefs.toml] updated file contents /opt/var/elrond/node-0/config/prefs.toml

        - update content in file /opt/var/elrond/node-0/config/prefs.toml from 026501 to 7a7134
        --- /opt/var/elrond/node-0/config/prefs.toml	2021-05-01 03:31:24.099986889 +0000
        +++ /opt/var/elrond/node-0/config/.chef-prefs20210501-5497-11p6ec5.toml	2021-05-01 03:31:24.285956946 +0000
        @@ -1,16 +1,7 @@
        -[Preferences]
        -   # DestinationShardAsObserver represents the desired shard when running as observer
        -   # value will be given as string. For example: "0", "1", "15", "metachain"
        -   # if "disabled" is provided then the node will start in the corresponding shard for its public key or 0 otherwise
        -   DestinationShardAsObserver = "disabled"

        -   # NodeDisplayName represents the friendly name a user can pick for his node in the status monitor
        -   NodeDisplayName = ""
        -
        -   # Identity represents the keybase's identity
        -   Identity = ""
        -
        -   # RedundancyLevel represents the level of redundancy used by the node (-1 = disabled, 0 = main instance (default),
        -   # 1 = first backup, 2 = second backup, etc.)
        -   RedundancyLevel = 0
        +[Preferences]
        +DestinationShardAsObserver = "disabled"
        +Identity = "mrstaker"
        +NodeDisplayName = "MrStaker-Test-0"
        +RedundancyLevel = 0
        - restore selinux security context

[2021-05-01T03:31:24+00:00] INFO: toml_file[/opt/var/elrond/node-0/config/prefs.toml] not queuing delayed action restart on service[elrond-node@0] (delayed), as it's already been queued
    * elrond_keygen[key-0] action add[2021-05-01T03:31:24+00:00] INFO: Processing elrond_keygen[key-0] action add (/etc/cinc/local-mode-cache/cache/cookbooks/elrond/resources/elrond_node.rb line 110)

      * execute[keygen-0] action run[2021-05-01T03:31:24+00:00] INFO: Processing execute[keygen-0] action run (/etc/cinc/local-mode-cache/cache/cookbooks/elrond/resources/elrond_keygen.rb line 16)

        [execute] INFO [2021-05-01 03:31:24.348]   generating files in                      folder = /opt/var/elrond/node-0/config
[2021-05-01T03:31:24+00:00] INFO: execute[keygen-0] ran successfully
        - execute /opt/elrond/bin/keygenerator
      * file[/opt/var/elrond/node-0/config/validatorKey.pem] action create[2021-05-01T03:31:24+00:00] INFO: Processing file[/opt/var/elrond/node-0/config/validatorKey.pem] action create (/etc/cinc/local-mode-cache/cache/cookbooks/elrond/resources/elrond_keygen.rb line 27)
[2021-05-01T03:31:24+00:00] INFO: file[/opt/var/elrond/node-0/config/validatorKey.pem] group changed to 988
[2021-05-01T03:31:24+00:00] INFO: file[/opt/var/elrond/node-0/config/validatorKey.pem] mode changed to 400

        - change mode from '0600' to '0400'
        - change group from 'root' to 'elrond-node-0'
        - restore selinux security context

[2021-05-01T03:31:24+00:00] INFO: elrond_keygen[key-0] not queuing delayed action restart on service[elrond-node@0] (delayed), as it's already been queued
    * file[/opt/var/elrond/node-0/config/service.env] action create[2021-05-01T03:31:24+00:00] INFO: Processing file[/opt/var/elrond/node-0/config/service.env] action create (/etc/cinc/local-mode-cache/cache/cookbooks/elrond/resources/elrond_node.rb line 117)
[2021-05-01T03:31:24+00:00] INFO: file[/opt/var/elrond/node-0/config/service.env] created file /opt/var/elrond/node-0/config/service.env

      - create new file /opt/var/elrond/node-0/config/service.env[2021-05-01T03:31:24+00:00] INFO: file[/opt/var/elrond/node-0/config/service.env] updated file contents /opt/var/elrond/node-0/config/service.env

      - update content in file /opt/var/elrond/node-0/config/service.env from none to 4ba97f
      --- /opt/var/elrond/node-0/config/service.env	2021-05-01 03:31:24.420935212 +0000
      +++ /opt/var/elrond/node-0/config/.chef-service20210501-5497-pdce0i.env	2021-05-01 03:31:24.420935212 +0000
      @@ -1 +1,3 @@
      +REST_API_PORT=8080
      +LOG_LEVEL=*:INFO[2021-05-01T03:31:24+00:00] INFO: file[/opt/var/elrond/node-0/config/service.env] owner changed to 991
[2021-05-01T03:31:24+00:00] INFO: file[/opt/var/elrond/node-0/config/service.env] group changed to 988
[2021-05-01T03:31:24+00:00] INFO: file[/opt/var/elrond/node-0/config/service.env] mode changed to 400

      - change mode from '' to '0400'
      - change owner from '' to 'elrond-node-0'
      - change group from '' to 'elrond-node-0'
      - restore selinux security context
[2021-05-01T03:31:24+00:00] INFO: file[/opt/var/elrond/node-0/config/service.env] sending run action to execute[elrond-systemctl-daemon-reload-0] (immediate)
    * execute[elrond-systemctl-daemon-reload-0] action run[2021-05-01T03:31:24+00:00] INFO: Processing execute[elrond-systemctl-daemon-reload-0] action run (/etc/cinc/local-mode-cache/cache/cookbooks/elrond/resources/elrond_node.rb line 132)
[2021-05-01T03:31:24+00:00] INFO: execute[elrond-systemctl-daemon-reload-0] ran successfully

      - execute systemctl daemon-reload
[2021-05-01T03:31:24+00:00] INFO: file[/opt/var/elrond/node-0/config/service.env] not queuing delayed action restart on service[elrond-node@0] (delayed), as it's already been queued
    * execute[elrond-systemctl-daemon-reload-0] action nothing[2021-05-01T03:31:24+00:00] INFO: Processing execute[elrond-systemctl-daemon-reload-0] action nothing (/etc/cinc/local-mode-cache/cache/cookbooks/elrond/resources/elrond_node.rb line 132)
 (skipped due to action :nothing)
    * semanage_fcontext[/opt/var/elrond/node-0/config/service.env] action set[2021-05-01T03:31:24+00:00] INFO: Processing semanage_fcontext[/opt/var/elrond/node-0/config/service.env] action set (/etc/cinc/local-mode-cache/cache/cookbooks/elrond/resources/elrond_node.rb line 140)

      * bash[semanage-fcontext-/opt/var/elrond/node-0/config/service.env] action run[2021-05-01T03:31:24+00:00] INFO: Processing bash[semanage-fcontext-/opt/var/elrond/node-0/config/service.env] action run (/etc/cinc/local-mode-cache/cache/cookbooks/elrond/resources/semanage_fcontext.rb line 15)
[2021-05-01T03:31:27+00:00] INFO: bash[semanage-fcontext-/opt/var/elrond/node-0/config/service.env] ran successfully

        - execute "bash"

    * template[/etc/firewalld/services/node-0.xml] action create[2021-05-01T03:31:27+00:00] INFO: Processing template[/etc/firewalld/services/node-0.xml] action create (/etc/cinc/local-mode-cache/cache/cookbooks/elrond/resources/elrond_node.rb line 147)
[2021-05-01T03:31:27+00:00] INFO: template[/etc/firewalld/services/node-0.xml] created file /etc/firewalld/services/node-0.xml

      - create new file /etc/firewalld/services/node-0.xml[2021-05-01T03:31:27+00:00] INFO: template[/etc/firewalld/services/node-0.xml] updated file contents /etc/firewalld/services/node-0.xml

      - update content in file /etc/firewalld/services/node-0.xml from none to 0eb07e
      --- /etc/firewalld/services/node-0.xml	2021-05-01 03:31:27.522435835 +0000
      +++ /etc/firewalld/services/.chef-node-020210501-5497-nzbfbk.xml	2021-05-01 03:31:27.522435835 +0000
      @@ -1 +1,7 @@
      +<?xml version="1.0" encoding="utf-8"?>
      +<service>
      +  <short>node-0</short>
      +  <description>Elrond Node 0</description>
      +  <port protocol="tcp" port="37373"/>
      +</service>[2021-05-01T03:31:27+00:00] INFO: template[/etc/firewalld/services/node-0.xml] owner changed to 0
[2021-05-01T03:31:27+00:00] INFO: template[/etc/firewalld/services/node-0.xml] group changed to 0
[2021-05-01T03:31:27+00:00] INFO: template[/etc/firewalld/services/node-0.xml] mode changed to 644

      - change mode from '' to '0644'
      - change owner from '' to 'root'
      - change group from '' to 'root'
      - restore selinux security context
[2021-05-01T03:31:27+00:00] INFO: template[/etc/firewalld/services/node-0.xml] sending run action to execute[restart-firewalld-0] (immediate)
    * execute[restart-firewalld-0] action run[2021-05-01T03:31:27+00:00] INFO: Processing execute[restart-firewalld-0] action run (/etc/cinc/local-mode-cache/cache/cookbooks/elrond/resources/elrond_node.rb line 164)
[2021-05-01T03:31:28+00:00] INFO: execute[restart-firewalld-0] ran successfully

      - execute systemctl restart firewalld
    * execute[restart-firewalld-0] action run[2021-05-01T03:31:28+00:00] INFO: Processing execute[restart-firewalld-0] action run (/etc/cinc/local-mode-cache/cache/cookbooks/elrond/resources/elrond_node.rb line 164)
[2021-05-01T03:31:28+00:00] INFO: execute[restart-firewalld-0] ran successfully

      - execute systemctl restart firewalld
    * firewalld_service[node-0] action add[2021-05-01T03:31:28+00:00] INFO: Processing firewalld_service[node-0] action add (/etc/cinc/local-mode-cache/cache/cookbooks/elrond/resources/elrond_node.rb line 168)

      * execute[add service node-0 to zone] action run[2021-05-01T03:31:28+00:00] INFO: Processing execute[add service node-0 to zone] action run (/etc/cinc/local-mode-cache/cache/cookbooks/firewalld/providers/service.rb line 10)
[2021-05-01T03:31:28+00:00] INFO: Processing execute[Guard resource] action run (dynamically defined)

        [execute] success
                  success
[2021-05-01T03:31:30+00:00] INFO: execute[add service node-0 to zone] ran successfully
        - execute       firewall-cmd --zone=public --add-service=node-0
              firewall-cmd --permanent --zone=public --add-service=node-0


    * service[elrond-node@0] action enable[2021-05-01T03:31:30+00:00] INFO: Processing service[elrond-node@0] action enable (/etc/cinc/local-mode-cache/cache/cookbooks/elrond/resources/elrond_node.rb line 173)
[2021-05-01T03:31:30+00:00] INFO: service[elrond-node@0] enabled

      - enable service service[elrond-node@0]
    * service[elrond-node@0] action start[2021-05-01T03:31:30+00:00] INFO: Processing service[elrond-node@0] action start (/etc/cinc/local-mode-cache/cache/cookbooks/elrond/resources/elrond_node.rb line 173)
[2021-05-01T03:31:30+00:00] INFO: service[elrond-node@0] started

      - start service service[elrond-node@0]
[2021-05-01T03:31:30+00:00] INFO: ruby_block[copy-config-0] sending restart action to service[elrond-node@0] (delayed)
    * service[elrond-node@0] action restart[2021-05-01T03:31:30+00:00] INFO: Processing service[elrond-node@0] action restart (/etc/cinc/local-mode-cache/cache/cookbooks/elrond/resources/elrond_node.rb line 173)
[2021-05-01T03:31:30+00:00] INFO: service[elrond-node@0] restarted

      - restart service service[elrond-node@0]

  * execute[service-systemctl-daemon-reload] action nothing[2021-05-01T03:31:30+00:00] INFO: Processing execute[service-systemctl-daemon-reload] action nothing (elrond::configure_node line 76)
 (skipped due to action :nothing)
  * file[/opt/var/elrond/.version_change] action delete[2021-05-01T03:31:30+00:00] INFO: Processing file[/opt/var/elrond/.version_change] action delete (elrond::configure_node line 82)
[2021-05-01T03:31:30+00:00] INFO: file[/opt/var/elrond/.version_change] backed up to /etc/cinc/local-mode-cache/backup/opt/var/elrond/.version_change.chef-20210501033130.798015
[2021-05-01T03:31:30+00:00] INFO: file[/opt/var/elrond/.version_change] deleted file at /opt/var/elrond/.version_change

    - delete file /opt/var/elrond/.version_change
  * cookbook_file[/usr/bin/erctl] action create[2021-05-01T03:31:30+00:00] INFO: Processing cookbook_file[/usr/bin/erctl] action create (elrond::configure_node line 86)
[2021-05-01T03:31:30+00:00] INFO: cookbook_file[/usr/bin/erctl] created file /usr/bin/erctl

    - create new file /usr/bin/erctl[2021-05-01T03:31:30+00:00] INFO: cookbook_file[/usr/bin/erctl] updated file contents /usr/bin/erctl

    - update content in file /usr/bin/erctl from none to fc159d
    - suppressed sensitive resource[2021-05-01T03:31:30+00:00] INFO: cookbook_file[/usr/bin/erctl] owner changed to 0
[2021-05-01T03:31:30+00:00] INFO: cookbook_file[/usr/bin/erctl] group changed to 0
[2021-05-01T03:31:30+00:00] INFO: cookbook_file[/usr/bin/erctl] mode changed to 755

    - change mode from '' to '0755'
    - change owner from '' to 'root'
    - change group from '' to 'root'
    - restore selinux security context
[2021-05-01T03:31:30+00:00] INFO: Cinc Client Run complete in 87.175308684 seconds

Running handlers:
[2021-05-01T03:31:30+00:00] INFO: Running report handlers
Running handlers complete
[2021-05-01T03:31:30+00:00] INFO: Report handlers complete
Cinc Client finished, 39/52 resources updated in 01 minutes 31 seconds
❯ vagrant ssh
Last login: Sat May  1 03:16:32 2021 from 10.0.2.2
[vagrant@oracle8 ~]$ sudo erctl status 0
● elrond-node@0.service - Elrond Node 0
   Loaded: loaded (/etc/systemd/system/elrond-node@.service; enabled; vendor preset: disabled)
   Active: active (running) since Sat 2021-05-01 03:31:30 UTC; 47s ago
 Main PID: 6725 (node)
    Tasks: 6 (limit: 10629)
   Memory: 286.9M
   CGroup: /system.slice/system-elrond\x2dnode.slice/elrond-node@0.service
           └─6725 /opt/elrond/bin/node -use-log-view -log-level *:INFO -rest-api-interface localhost:8080

May 01 03:32:04 oracle8.localdomain node[6725]: INFO [2021-05-01 03:32:04.511]   new nodes config is set for epoch        epoch = 0
May 01 03:32:04 oracle8.localdomain node[6725]: WARN [2021-05-01 03:32:04.731]   Did not find nodesConfig                 epoch = 174
May 01 03:32:05 oracle8.localdomain node[6725]: WARN [2021-05-01 03:32:05.026]   Did not find nodesConfig                 epoch = 175
May 01 03:32:07 oracle8.localdomain node[6725]: INFO [2021-05-01 03:32:07.058]   trie sync in progress                    name = peer accounts num received = 4562 num missing = >
May 01 03:32:07 oracle8.localdomain node[6725]: INFO [2021-05-01 03:32:07.081]   finished trie sync                       name = peer accounts num received = 4564 num missing = 2
May 01 03:32:09 oracle8.localdomain node[6725]: INFO [2021-05-01 03:32:09.082]   trie sync in progress                    name = user accounts for shard metachain num received =>
May 01 03:32:11 oracle8.localdomain node[6725]: INFO [2021-05-01 03:32:11.083]   trie sync in progress                    name = user accounts for shard metachain num received =>
May 01 03:32:13 oracle8.localdomain node[6725]: INFO [2021-05-01 03:32:13.083]   trie sync in progress                    name = user accounts for shard metachain num received =>
May 01 03:32:15 oracle8.localdomain node[6725]: INFO [2021-05-01 03:32:15.083]   trie sync in progress                    name = user accounts for shard metachain num received =>
May 01 03:32:17 oracle8.localdomain node[6725]: INFO [2021-05-01 03:32:17.083]   trie sync in progress                    name = user accounts for shard metachain num received =>
